c:\users\dguer_000\desktop\sm\studymeet\studymeet\x64\debug\vc140.pdb
c:\users\dguer_000\desktop\sm\studymeet\studymeet\x64\debug\studymeet.obj
c:\users\dguer_000\desktop\sm\studymeet\studymeet\x64\debug\main.obj
c:\users\dguer_000\desktop\sm\studymeet\studymeet\x64\debug\moc_studymeet.obj
c:\users\dguer_000\desktop\sm\studymeet\studymeet\x64\debug\moc_dialog.obj
c:\users\dguer_000\desktop\sm\studymeet\studymeet\x64\debug\qrc_studymeet.obj
c:\users\dguer_000\desktop\sm\studymeet\studymeet\x64\debug\dialog.obj
c:\users\dguer_000\desktop\sm\studymeet\studymeet\generatedfiles\qrc_studymeet.cpp
c:\users\dguer_000\desktop\sm\studymeet\studymeet\generatedfiles\debug\moc_dialog.cpp
c:\users\dguer_000\desktop\sm\studymeet\studymeet\generatedfiles\ui_dialog.h
c:\users\dguer_000\desktop\sm\studymeet\studymeet\generatedfiles\debug\moc_studymeet.cpp
c:\users\dguer_000\desktop\sm\studymeet\studymeet\generatedfiles\ui_studymeet.h
c:\users\dguer_000\desktop\sm\studymeet\x64\debug\studymeet.pdb
c:\users\dguer_000\desktop\sm\studymeet\studymeet\x64\debug\studymeet.tlog\cl.command.1.tlog
c:\users\dguer_000\desktop\sm\studymeet\studymeet\x64\debug\studymeet.tlog\cl.read.1.tlog
c:\users\dguer_000\desktop\sm\studymeet\studymeet\x64\debug\studymeet.tlog\cl.write.1.tlog
c:\users\dguer_000\desktop\sm\studymeet\studymeet\x64\debug\studymeet.tlog\custombuild.command.1.tlog
c:\users\dguer_000\desktop\sm\studymeet\studymeet\x64\debug\studymeet.tlog\custombuild.read.1.tlog
c:\users\dguer_000\desktop\sm\studymeet\studymeet\x64\debug\studymeet.tlog\custombuild.write.1.tlog
c:\users\dguer_000\desktop\sm\studymeet\studymeet\x64\debug\studymeet.tlog\link.15336-cvtres.read.1.tlog
c:\users\dguer_000\desktop\sm\studymeet\studymeet\x64\debug\studymeet.tlog\link.15336-cvtres.write.1.tlog
c:\users\dguer_000\desktop\sm\studymeet\studymeet\x64\debug\studymeet.tlog\link.15336-rc.read.1.tlog
c:\users\dguer_000\desktop\sm\studymeet\studymeet\x64\debug\studymeet.tlog\link.15336-rc.write.1.tlog
c:\users\dguer_000\desktop\sm\studymeet\studymeet\x64\debug\studymeet.tlog\link.15336.read.1.tlog
c:\users\dguer_000\desktop\sm\studymeet\studymeet\x64\debug\studymeet.tlog\link.15336.write.1.tlog
c:\users\dguer_000\desktop\sm\studymeet\studymeet\x64\debug\studymeet.tlog\link.command.1.tlog
c:\users\dguer_000\desktop\sm\studymeet\studymeet\x64\debug\studymeet.tlog\link.read.1.tlog
c:\users\dguer_000\desktop\sm\studymeet\studymeet\x64\debug\studymeet.tlog\link.write.1.tlog
