<<<<<<< Updated upstream
﻿  Moc'ing viewsessions.h...
  Uic'ing viewsessions.ui...
  moc_viewsessions.cpp
  viewsessions.cpp
  Generating Code...
  StudyMeet.vcxproj -> C:\Users\herib\OneDrive\Desktop\StudyMeet\StudyMeet\x64\Debug\StudyMeet.exe
  StudyMeet.vcxproj -> C:\Users\herib\OneDrive\Desktop\StudyMeet\StudyMeet\x64\Debug\StudyMeet.pdb (Full PDB)
=======
﻿  Moc'ing studymeet.h...
  Uic'ing studymeet.ui...
  Rcc'ing studymeet.qrc...
RCC : warning : No resources in 'C:\Users\dguer_000\Desktop\SM\StudyMeet\StudyMeet\studymeet.qrc'.
  
  Moc'ing viewsessions.h...
  Moc'ing createnewsession.h...
  Moc'ing createaccountwindow.h...
  Moc'ing detailedstudysession.h...
  Uic'ing createnewsession.ui...
  Uic'ing detailedstudysession.ui...
  Uic'ing createaccountwindow.ui...
  Uic'ing viewsessions.ui...
  createaccountwindow.cpp
  createnewsession.cpp
  DatabaseHandler.cpp
  detailedstudysession.cpp
  ErrorHandler.cpp
  moc_createaccountwindow.cpp
  moc_createnewsession.cpp
  moc_detailedstudysession.cpp
  moc_studymeet.cpp
  moc_viewsessions.cpp
  main.cpp
  studymeet.cpp
  viewsessions.cpp
  Generating Code...
  qrc_studymeet.cpp
  StudyMeet.vcxproj -> C:\Users\dguer_000\Desktop\SM\StudyMeet\x64\Debug\StudyMeet.exe
  StudyMeet.vcxproj -> C:\Users\dguer_000\Desktop\SM\StudyMeet\x64\Debug\StudyMeet.pdb (Full PDB)
>>>>>>> Stashed changes
